<?xml version="1.0" encoding="UTF-8"?>
<testsuite name="com.masuldev.spring.web.HelloResponseDtoTest" tests="1" skipped="0" failures="0" errors="0" timestamp="2020-12-26T12:42:09" hostname="Masuldev-Mac.local" time="0.002">
  <properties/>
  <testcase name="롬북_기능_테스트()" classname="com.masuldev.spring.web.HelloResponseDtoTest" time="0.002"/>
  <system-out><![CDATA[]]></system-out>
  <system-err><![CDATA[]]></system-err>
</testsuite>
