<?xml version="1.0" encoding="UTF-8"?>
<testsuite name="com.masuldev.spring.web.ProfileControllerTest" tests="1" skipped="0" failures="0" errors="0" timestamp="2020-12-26T12:42:09" hostname="Masuldev-Mac.local" time="0.011">
  <properties/>
  <testcase name="profile은_인증없이_호출된다()" classname="com.masuldev.spring.web.ProfileControllerTest" time="0.011"/>
  <system-out><![CDATA[2020-12-26 21:42:09.855  INFO 32177 --- [    Test worker] .b.t.c.SpringBootTestContextBootstrapper : Neither @ContextConfiguration nor @ContextHierarchy found for test class [com.masuldev.spring.web.ProfileControllerTest], using SpringBootContextLoader
2020-12-26 21:42:09.856  INFO 32177 --- [    Test worker] o.s.t.c.support.AbstractContextLoader    : Could not detect default resource locations for test class [com.masuldev.spring.web.ProfileControllerTest]: no resource found for suffixes {-context.xml, Context.groovy}.
2020-12-26 21:42:09.856  INFO 32177 --- [    Test worker] t.c.s.AnnotationConfigContextLoaderUtils : Could not detect default configuration classes for test class [com.masuldev.spring.web.ProfileControllerTest]: ProfileControllerTest does not declare any static, non-private, non-final, nested classes annotated with @Configuration.
2020-12-26 21:42:09.857  INFO 32177 --- [    Test worker] .b.t.c.SpringBootTestContextBootstrapper : Found @SpringBootConfiguration com.masuldev.spring.Application for test class com.masuldev.spring.web.ProfileControllerTest
2020-12-26 21:42:09.858  INFO 32177 --- [    Test worker] .b.t.c.SpringBootTestContextBootstrapper : Loaded default TestExecutionListener class names from location [META-INF/spring.factories]: [org.springframework.security.test.context.support.WithSecurityContextTestExecutionListener, org.springframework.security.test.context.support.ReactorContextTestExecutionListener, org.springframework.boot.test.autoconfigure.restdocs.RestDocsTestExecutionListener, org.springframework.boot.test.autoconfigure.web.client.MockRestServiceServerResetTestExecutionListener, org.springframework.boot.test.autoconfigure.web.servlet.MockMvcPrintOnlyOnFailureTestExecutionListener, org.springframework.boot.test.autoconfigure.web.servlet.WebDriverTestExecutionListener, org.springframework.boot.test.autoconfigure.webservices.client.MockWebServiceServerTestExecutionListener, org.springframework.boot.test.mock.mockito.MockitoTestExecutionListener, org.springframework.boot.test.mock.mockito.ResetMocksTestExecutionListener, org.springframework.test.context.web.ServletTestExecutionListener, org.springframework.test.context.support.DirtiesContextBeforeModesTestExecutionListener, org.springframework.test.context.support.DependencyInjectionTestExecutionListener, org.springframework.test.context.support.DirtiesContextTestExecutionListener, org.springframework.test.context.transaction.TransactionalTestExecutionListener, org.springframework.test.context.jdbc.SqlScriptsTestExecutionListener, org.springframework.test.context.event.EventPublishingTestExecutionListener]
2020-12-26 21:42:09.858  INFO 32177 --- [    Test worker] .b.t.c.SpringBootTestContextBootstrapper : Using TestExecutionListeners: [org.springframework.test.context.web.ServletTestExecutionListener@63a9218f, org.springframework.test.context.support.DirtiesContextBeforeModesTestExecutionListener@21bf4bcc, org.springframework.boot.test.mock.mockito.MockitoTestExecutionListener@6203c1b2, org.springframework.boot.test.autoconfigure.SpringBootDependencyInjectionTestExecutionListener@2db0eb8d, org.springframework.test.context.support.DirtiesContextTestExecutionListener@73f02ed, org.springframework.test.context.transaction.TransactionalTestExecutionListener@5c05d8ed, org.springframework.test.context.jdbc.SqlScriptsTestExecutionListener@20778c8e, org.springframework.security.test.context.support.WithSecurityContextTestExecutionListener@ab1e78e, org.springframework.test.context.event.EventPublishingTestExecutionListener@75e6a45f, org.springframework.security.test.context.support.ReactorContextTestExecutionListener@756d8be, org.springframework.boot.test.autoconfigure.restdocs.RestDocsTestExecutionListener@1bd93726, org.springframework.boot.test.autoconfigure.web.client.MockRestServiceServerResetTestExecutionListener@1ed13e44, org.springframework.boot.test.autoconfigure.web.servlet.MockMvcPrintOnlyOnFailureTestExecutionListener@5e55a59d, org.springframework.boot.test.autoconfigure.web.servlet.WebDriverTestExecutionListener@6f7715c1, org.springframework.boot.test.autoconfigure.webservices.client.MockWebServiceServerTestExecutionListener@3d456f0e, org.springframework.boot.test.mock.mockito.ResetMocksTestExecutionListener@2af145fc]
]]></system-out>
  <system-err><![CDATA[]]></system-err>
</testsuite>
