<?xml version="1.0" encoding="UTF-8"?>
<testsuite name="com.masuldev.spring.web.IndexControllerTest" tests="1" skipped="0" failures="0" errors="0" timestamp="2020-12-01T16:23:36" hostname="Yeen.local" time="0.192">
  <properties/>
  <testcase name="메인페이지_로딩" classname="com.masuldev.spring.web.IndexControllerTest" time="0.192"/>
  <system-out><![CDATA[01:23:33.255 [Test worker] DEBUG org.springframework.test.context.junit4.SpringJUnit4ClassRunner - SpringJUnit4ClassRunner constructor called with [class com.masuldev.spring.web.IndexControllerTest]
01:23:33.260 [Test worker] DEBUG org.springframework.test.context.BootstrapUtils - Instantiating CacheAwareContextLoaderDelegate from class [org.springframework.test.context.cache.DefaultCacheAwareContextLoaderDelegate]
01:23:33.266 [Test worker] DEBUG org.springframework.test.context.BootstrapUtils - Instantiating BootstrapContext using constructor [public org.springframework.test.context.support.DefaultBootstrapContext(java.lang.Class,org.springframework.test.context.CacheAwareContextLoaderDelegate)]
01:23:33.278 [Test worker] DEBUG org.springframework.test.context.BootstrapUtils - Instantiating TestContextBootstrapper for test class [com.masuldev.spring.web.IndexControllerTest] from class [org.springframework.boot.test.context.SpringBootTestContextBootstrapper]
01:23:33.285 [Test worker] INFO org.springframework.boot.test.context.SpringBootTestContextBootstrapper - Neither @ContextConfiguration nor @ContextHierarchy found for test class [com.masuldev.spring.web.IndexControllerTest], using SpringBootContextLoader
01:23:33.287 [Test worker] DEBUG org.springframework.test.context.support.AbstractContextLoader - Did not detect default resource location for test class [com.masuldev.spring.web.IndexControllerTest]: class path resource [com/masuldev/spring/web/IndexControllerTest-context.xml] does not exist
01:23:33.287 [Test worker] DEBUG org.springframework.test.context.support.AbstractContextLoader - Did not detect default resource location for test class [com.masuldev.spring.web.IndexControllerTest]: class path resource [com/masuldev/spring/web/IndexControllerTestContext.groovy] does not exist
01:23:33.287 [Test worker] INFO org.springframework.test.context.support.AbstractContextLoader - Could not detect default resource locations for test class [com.masuldev.spring.web.IndexControllerTest]: no resource found for suffixes {-context.xml, Context.groovy}.
01:23:33.288 [Test worker] INFO org.springframework.test.context.support.AnnotationConfigContextLoaderUtils - Could not detect default configuration classes for test class [com.masuldev.spring.web.IndexControllerTest]: IndexControllerTest does not declare any static, non-private, non-final, nested classes annotated with @Configuration.
01:23:33.315 [Test worker] DEBUG org.springframework.test.context.support.ActiveProfilesUtils - Could not find an 'annotation declaring class' for annotation type [org.springframework.test.context.ActiveProfiles] and class [com.masuldev.spring.web.IndexControllerTest]
01:23:33.375 [Test worker] DEBUG org.springframework.context.annotation.ClassPathScanningCandidateComponentProvider - Identified candidate component class: file [/Users/yeen/Workspace/springboot-masuldev/build/classes/java/main/com/masuldev/spring/Application.class]
01:23:33.376 [Test worker] INFO org.springframework.boot.test.context.SpringBootTestContextBootstrapper - Found @SpringBootConfiguration com.masuldev.spring.Application for test class com.masuldev.spring.web.IndexControllerTest
01:23:33.438 [Test worker] DEBUG org.springframework.boot.test.context.SpringBootTestContextBootstrapper - @TestExecutionListeners is not present for class [com.masuldev.spring.web.IndexControllerTest]: using defaults.
01:23:33.438 [Test worker] INFO org.springframework.boot.test.context.SpringBootTestContextBootstrapper - Loaded default TestExecutionListener class names from location [META-INF/spring.factories]: [org.springframework.boot.test.autoconfigure.restdocs.RestDocsTestExecutionListener, org.springframework.boot.test.autoconfigure.web.client.MockRestServiceServerResetTestExecutionListener, org.springframework.boot.test.autoconfigure.web.servlet.MockMvcPrintOnlyOnFailureTestExecutionListener, org.springframework.boot.test.autoconfigure.web.servlet.WebDriverTestExecutionListener, org.springframework.boot.test.mock.mockito.MockitoTestExecutionListener, org.springframework.boot.test.mock.mockito.ResetMocksTestExecutionListener, org.springframework.test.context.web.ServletTestExecutionListener, org.springframework.test.context.support.DirtiesContextBeforeModesTestExecutionListener, org.springframework.test.context.support.DependencyInjectionTestExecutionListener, org.springframework.test.context.support.DirtiesContextTestExecutionListener, org.springframework.test.context.transaction.TransactionalTestExecutionListener, org.springframework.test.context.jdbc.SqlScriptsTestExecutionListener]
01:23:33.456 [Test worker] INFO org.springframework.boot.test.context.SpringBootTestContextBootstrapper - Using TestExecutionListeners: [org.springframework.test.context.web.ServletTestExecutionListener@1dbf180d, org.springframework.test.context.support.DirtiesContextBeforeModesTestExecutionListener@5d8d8003, org.springframework.boot.test.mock.mockito.MockitoTestExecutionListener@6802e14e, org.springframework.boot.test.autoconfigure.SpringBootDependencyInjectionTestExecutionListener@7f5526a9, org.springframework.test.context.support.DirtiesContextTestExecutionListener@1a4f363e, org.springframework.test.context.transaction.TransactionalTestExecutionListener@2bf330ec, org.springframework.test.context.jdbc.SqlScriptsTestExecutionListener@5484bc4d, org.springframework.boot.test.autoconfigure.restdocs.RestDocsTestExecutionListener@2b2a81a, org.springframework.boot.test.autoconfigure.web.client.MockRestServiceServerResetTestExecutionListener@61af80b4, org.springframework.boot.test.autoconfigure.web.servlet.MockMvcPrintOnlyOnFailureTestExecutionListener@53e9a83d, org.springframework.boot.test.autoconfigure.web.servlet.WebDriverTestExecutionListener@227e10d9, org.springframework.boot.test.mock.mockito.ResetMocksTestExecutionListener@359b8ef4]
01:23:33.458 [Test worker] DEBUG org.springframework.test.annotation.ProfileValueUtils - Retrieved @ProfileValueSourceConfiguration [null] for test class [com.masuldev.spring.web.IndexControllerTest]
01:23:33.458 [Test worker] DEBUG org.springframework.test.annotation.ProfileValueUtils - Retrieved ProfileValueSource type [class org.springframework.test.annotation.SystemProfileValueSource] for class [com.masuldev.spring.web.IndexControllerTest]
01:23:33.460 [Test worker] DEBUG org.springframework.test.annotation.ProfileValueUtils - Retrieved @ProfileValueSourceConfiguration [null] for test class [com.masuldev.spring.web.IndexControllerTest]
01:23:33.460 [Test worker] DEBUG org.springframework.test.annotation.ProfileValueUtils - Retrieved ProfileValueSource type [class org.springframework.test.annotation.SystemProfileValueSource] for class [com.masuldev.spring.web.IndexControllerTest]
01:23:33.461 [Test worker] DEBUG org.springframework.test.annotation.ProfileValueUtils - Retrieved @ProfileValueSourceConfiguration [null] for test class [com.masuldev.spring.web.IndexControllerTest]
01:23:33.461 [Test worker] DEBUG org.springframework.test.annotation.ProfileValueUtils - Retrieved ProfileValueSource type [class org.springframework.test.annotation.SystemProfileValueSource] for class [com.masuldev.spring.web.IndexControllerTest]
01:23:33.463 [Test worker] DEBUG org.springframework.test.context.support.AbstractDirtiesContextTestExecutionListener - Before test class: context [DefaultTestContext@49d7511e testClass = IndexControllerTest, testInstance = [null], testMethod = [null], testException = [null], mergedContextConfiguration = [WebMergedContextConfiguration@6fae2d63 testClass = IndexControllerTest, locations = '{}', classes = '{class com.masuldev.spring.Application}', contextInitializerClasses = '[]', activeProfiles = '{}', propertySourceLocations = '{}', propertySourceProperties = '{org.springframework.boot.test.context.SpringBootTestContextBootstrapper=true, server.port=0}', contextCustomizers = set[org.springframework.boot.test.autoconfigure.properties.PropertyMappingContextCustomizer@0, org.springframework.boot.test.autoconfigure.web.servlet.WebDriverContextCustomizerFactory$Customizer@6030ffe0, org.springframework.boot.test.context.filter.ExcludeFilterContextCustomizer@35f64d8d, org.springframework.boot.test.json.DuplicateJsonObjectContextCustomizerFactory$DuplicateJsonObjectContextCustomizer@7d37e50c, org.springframework.boot.test.mock.mockito.MockitoContextCustomizer@0, org.springframework.boot.test.web.client.TestRestTemplateContextCustomizer@65362542], resourceBasePath = 'src/main/webapp', contextLoader = 'org.springframework.boot.test.context.SpringBootContextLoader', parent = [null]], attributes = map['org.springframework.test.context.web.ServletTestExecutionListener.activateListener' -> false]], class annotated with @DirtiesContext [false] with mode [null].
01:23:33.464 [Test worker] DEBUG org.springframework.test.annotation.ProfileValueUtils - Retrieved @ProfileValueSourceConfiguration [null] for test class [com.masuldev.spring.web.IndexControllerTest]
01:23:33.464 [Test worker] DEBUG org.springframework.test.annotation.ProfileValueUtils - Retrieved ProfileValueSource type [class org.springframework.test.annotation.SystemProfileValueSource] for class [com.masuldev.spring.web.IndexControllerTest]
01:23:33.466 [Test worker] DEBUG org.springframework.test.context.support.DependencyInjectionTestExecutionListener - Performing dependency injection for test context [[DefaultTestContext@49d7511e testClass = IndexControllerTest, testInstance = com.masuldev.spring.web.IndexControllerTest@55a9e9c1, testMethod = [null], testException = [null], mergedContextConfiguration = [WebMergedContextConfiguration@6fae2d63 testClass = IndexControllerTest, locations = '{}', classes = '{class com.masuldev.spring.Application}', contextInitializerClasses = '[]', activeProfiles = '{}', propertySourceLocations = '{}', propertySourceProperties = '{org.springframework.boot.test.context.SpringBootTestContextBootstrapper=true, server.port=0}', contextCustomizers = set[org.springframework.boot.test.autoconfigure.properties.PropertyMappingContextCustomizer@0, org.springframework.boot.test.autoconfigure.web.servlet.WebDriverContextCustomizerFactory$Customizer@6030ffe0, org.springframework.boot.test.context.filter.ExcludeFilterContextCustomizer@35f64d8d, org.springframework.boot.test.json.DuplicateJsonObjectContextCustomizerFactory$DuplicateJsonObjectContextCustomizer@7d37e50c, org.springframework.boot.test.mock.mockito.MockitoContextCustomizer@0, org.springframework.boot.test.web.client.TestRestTemplateContextCustomizer@65362542], resourceBasePath = 'src/main/webapp', contextLoader = 'org.springframework.boot.test.context.SpringBootContextLoader', parent = [null]], attributes = map['org.springframework.test.context.web.ServletTestExecutionListener.activateListener' -> false]]].
01:23:33.478 [Test worker] DEBUG org.springframework.test.context.support.TestPropertySourceUtils - Adding inlined properties to environment: {spring.jmx.enabled=false, org.springframework.boot.test.context.SpringBootTestContextBootstrapper=true, server.port=0}

  .   ____          _            __ _ _
 /\\ / ___'_ __ _ _(_)_ __  __ _ \ \ \ \
( ( )\___ | '_ | '_| | '_ \/ _` | \ \ \ \
 \\/  ___)| |_)| | | | | || (_| |  ) ) ) )
  '  |____| .__|_| |_|_| |_\__, | / / / /
 =========|_|==============|___/=/_/_/_/
 :: Spring Boot ::        (v2.1.7.RELEASE)

2020-12-02 01:23:33.637  INFO 56364 --- [    Test worker] c.m.spring.web.IndexControllerTest       : Starting IndexControllerTest on Yeen.local with PID 56364 (started by yeen in /Users/yeen/Workspace/springboot-masuldev)
2020-12-02 01:23:33.638  INFO 56364 --- [    Test worker] c.m.spring.web.IndexControllerTest       : No active profile set, falling back to default profiles: default
2020-12-02 01:23:34.051  INFO 56364 --- [    Test worker] .s.d.r.c.RepositoryConfigurationDelegate : Bootstrapping Spring Data repositories in DEFAULT mode.
2020-12-02 01:23:34.100  INFO 56364 --- [    Test worker] .s.d.r.c.RepositoryConfigurationDelegate : Finished Spring Data repository scanning in 43ms. Found 1 repository interfaces.
2020-12-02 01:23:34.389  INFO 56364 --- [    Test worker] trationDelegate$BeanPostProcessorChecker : Bean 'org.springframework.transaction.annotation.ProxyTransactionManagementConfiguration' of type [org.springframework.transaction.annotation.ProxyTransactionManagementConfiguration$$EnhancerBySpringCGLIB$$3d9114cc] is not eligible for getting processed by all BeanPostProcessors (for example: not eligible for auto-proxying)
2020-12-02 01:23:34.663  INFO 56364 --- [    Test worker] o.s.b.w.embedded.tomcat.TomcatWebServer  : Tomcat initialized with port(s): 0 (http)
2020-12-02 01:23:34.681  INFO 56364 --- [    Test worker] o.apache.catalina.core.StandardService   : Starting service [Tomcat]
2020-12-02 01:23:34.681  INFO 56364 --- [    Test worker] org.apache.catalina.core.StandardEngine  : Starting Servlet engine: [Apache Tomcat/9.0.22]
2020-12-02 01:23:34.755  INFO 56364 --- [    Test worker] o.a.c.c.C.[Tomcat].[localhost].[/]       : Initializing Spring embedded WebApplicationContext
2020-12-02 01:23:34.755  INFO 56364 --- [    Test worker] o.s.web.context.ContextLoader            : Root WebApplicationContext: initialization completed in 1100 ms
2020-12-02 01:23:34.959  INFO 56364 --- [    Test worker] com.zaxxer.hikari.HikariDataSource       : HikariPool-1 - Starting...
2020-12-02 01:23:35.097  INFO 56364 --- [    Test worker] com.zaxxer.hikari.HikariDataSource       : HikariPool-1 - Start completed.
2020-12-02 01:23:35.170  INFO 56364 --- [    Test worker] o.hibernate.jpa.internal.util.LogHelper  : HHH000204: Processing PersistenceUnitInfo [
	name: default
	...]
2020-12-02 01:23:35.227  INFO 56364 --- [    Test worker] org.hibernate.Version                    : HHH000412: Hibernate Core {5.3.10.Final}
2020-12-02 01:23:35.229  INFO 56364 --- [    Test worker] org.hibernate.cfg.Environment            : HHH000206: hibernate.properties not found
2020-12-02 01:23:35.341  INFO 56364 --- [    Test worker] o.hibernate.annotations.common.Version   : HCANN000001: Hibernate Commons Annotations {5.0.4.Final}
2020-12-02 01:23:35.454  INFO 56364 --- [    Test worker] org.hibernate.dialect.Dialect            : HHH000400: Using dialect: org.hibernate.dialect.MySQL5InnoDBDialect
Hibernate: drop table if exists posts
Hibernate: create table posts (id bigint not null auto_increment, created_date datetime, modified_date datetime, author varchar(255), content TEXT not null, title varchar(500) not null, primary key (id)) engine=InnoDB
2020-12-02 01:23:35.858  INFO 56364 --- [    Test worker] o.h.t.schema.internal.SchemaCreatorImpl  : HHH000476: Executing import script 'org.hibernate.tool.schema.internal.exec.ScriptSourceInputNonExistentImpl@434f74f0'
2020-12-02 01:23:35.860  INFO 56364 --- [    Test worker] j.LocalContainerEntityManagerFactoryBean : Initialized JPA EntityManagerFactory for persistence unit 'default'
2020-12-02 01:23:36.523  INFO 56364 --- [    Test worker] o.s.s.concurrent.ThreadPoolTaskExecutor  : Initializing ExecutorService 'applicationTaskExecutor'
2020-12-02 01:23:36.561  WARN 56364 --- [    Test worker] aWebConfiguration$JpaWebMvcConfiguration : spring.jpa.open-in-view is enabled by default. Therefore, database queries may be performed during view rendering. Explicitly configure spring.jpa.open-in-view to disable this warning
2020-12-02 01:23:36.604  INFO 56364 --- [    Test worker] o.s.b.a.w.s.WelcomePageHandlerMapping    : Adding welcome page template: index
2020-12-02 01:23:36.879  INFO 56364 --- [    Test worker] o.s.b.w.embedded.tomcat.TomcatWebServer  : Tomcat started on port(s): 52509 (http) with context path ''
2020-12-02 01:23:36.881  INFO 56364 --- [    Test worker] c.m.spring.web.IndexControllerTest       : Started IndexControllerTest in 3.402 seconds (JVM running for 4.011)
2020-12-02 01:23:36.993  INFO 56364 --- [o-auto-1-exec-1] o.a.c.c.C.[Tomcat].[localhost].[/]       : Initializing Spring DispatcherServlet 'dispatcherServlet'
2020-12-02 01:23:36.993  INFO 56364 --- [o-auto-1-exec-1] o.s.web.servlet.DispatcherServlet        : Initializing Servlet 'dispatcherServlet'
2020-12-02 01:23:37.007  INFO 56364 --- [o-auto-1-exec-1] o.s.web.servlet.DispatcherServlet        : Completed initialization in 13 ms
]]></system-out>
  <system-err><![CDATA[]]></system-err>
</testsuite>
