<?xml version="1.0" encoding="UTF-8"?>
<testsuite name="com.masuldev.spring.web.HelloControllerTest" tests="1" skipped="0" failures="0" errors="0" timestamp="2020-12-26T12:42:10" hostname="Masuldev-Mac.local" time="0.01">
  <properties/>
  <testcase name="hello가_리턴된다()" classname="com.masuldev.spring.web.HelloControllerTest" time="0.01"/>
  <system-out><![CDATA[2020-12-26 21:42:09.875  INFO 32177 --- [    Test worker] .b.t.a.w.s.WebMvcTestContextBootstrapper : Neither @ContextConfiguration nor @ContextHierarchy found for test class [com.masuldev.spring.web.HelloControllerTest], using SpringBootContextLoader
2020-12-26 21:42:09.876  INFO 32177 --- [    Test worker] o.s.t.c.support.AbstractContextLoader    : Could not detect default resource locations for test class [com.masuldev.spring.web.HelloControllerTest]: no resource found for suffixes {-context.xml, Context.groovy}.
2020-12-26 21:42:09.876  INFO 32177 --- [    Test worker] t.c.s.AnnotationConfigContextLoaderUtils : Could not detect default configuration classes for test class [com.masuldev.spring.web.HelloControllerTest]: HelloControllerTest does not declare any static, non-private, non-final, nested classes annotated with @Configuration.
2020-12-26 21:42:09.885  INFO 32177 --- [    Test worker] .b.t.c.SpringBootTestContextBootstrapper : Found @SpringBootConfiguration com.masuldev.spring.Application for test class com.masuldev.spring.web.HelloControllerTest
2020-12-26 21:42:09.886  INFO 32177 --- [    Test worker] .b.t.a.w.s.WebMvcTestContextBootstrapper : Loaded default TestExecutionListener class names from location [META-INF/spring.factories]: [org.springframework.security.test.context.support.WithSecurityContextTestExecutionListener, org.springframework.security.test.context.support.ReactorContextTestExecutionListener, org.springframework.boot.test.autoconfigure.restdocs.RestDocsTestExecutionListener, org.springframework.boot.test.autoconfigure.web.client.MockRestServiceServerResetTestExecutionListener, org.springframework.boot.test.autoconfigure.web.servlet.MockMvcPrintOnlyOnFailureTestExecutionListener, org.springframework.boot.test.autoconfigure.web.servlet.WebDriverTestExecutionListener, org.springframework.boot.test.autoconfigure.webservices.client.MockWebServiceServerTestExecutionListener, org.springframework.boot.test.mock.mockito.MockitoTestExecutionListener, org.springframework.boot.test.mock.mockito.ResetMocksTestExecutionListener, org.springframework.test.context.web.ServletTestExecutionListener, org.springframework.test.context.support.DirtiesContextBeforeModesTestExecutionListener, org.springframework.test.context.support.DependencyInjectionTestExecutionListener, org.springframework.test.context.support.DirtiesContextTestExecutionListener, org.springframework.test.context.transaction.TransactionalTestExecutionListener, org.springframework.test.context.jdbc.SqlScriptsTestExecutionListener, org.springframework.test.context.event.EventPublishingTestExecutionListener]
2020-12-26 21:42:09.886  INFO 32177 --- [    Test worker] .b.t.a.w.s.WebMvcTestContextBootstrapper : Using TestExecutionListeners: [org.springframework.test.context.web.ServletTestExecutionListener@7b84e359, org.springframework.test.context.support.DirtiesContextBeforeModesTestExecutionListener@b674e19, org.springframework.boot.test.mock.mockito.MockitoTestExecutionListener@64e09902, org.springframework.boot.test.autoconfigure.SpringBootDependencyInjectionTestExecutionListener@5e0e3e63, org.springframework.test.context.support.DirtiesContextTestExecutionListener@24c80d0, org.springframework.test.context.transaction.TransactionalTestExecutionListener@33ea0106, org.springframework.test.context.jdbc.SqlScriptsTestExecutionListener@53a2a6f0, org.springframework.security.test.context.support.WithSecurityContextTestExecutionListener@7c7077c1, org.springframework.test.context.event.EventPublishingTestExecutionListener@1adc329f, org.springframework.security.test.context.support.ReactorContextTestExecutionListener@795df2f3, org.springframework.boot.test.autoconfigure.restdocs.RestDocsTestExecutionListener@3f8e5e0e, org.springframework.boot.test.autoconfigure.web.client.MockRestServiceServerResetTestExecutionListener@40bff841, org.springframework.boot.test.autoconfigure.web.servlet.MockMvcPrintOnlyOnFailureTestExecutionListener@3b8c7203, org.springframework.boot.test.autoconfigure.web.servlet.WebDriverTestExecutionListener@2d50d5eb, org.springframework.boot.test.autoconfigure.webservices.client.MockWebServiceServerTestExecutionListener@60e38061, org.springframework.boot.test.mock.mockito.ResetMocksTestExecutionListener@5f2111cc]

  .   ____          _            __ _ _
 /\\ / ___'_ __ _ _(_)_ __  __ _ \ \ \ \
( ( )\___ | '_ | '_| | '_ \/ _` | \ \ \ \
 \\/  ___)| |_)| | | | | || (_| |  ) ) ) )
  '  |____| .__|_| |_|_| |_\__, | / / / /
 =========|_|==============|___/=/_/_/_/
 :: Spring Boot ::                (v2.4.1)

2020-12-26 21:42:09.900  INFO 32177 --- [    Test worker] c.m.spring.web.HelloControllerTest       : Starting HelloControllerTest using Java 1.8.0_275 on Masuldev-Mac.local with PID 32177 (started by masuldev in /Users/masuldev/Workspace/github.com/springboot-masuldev)
2020-12-26 21:42:09.901  INFO 32177 --- [    Test worker] c.m.spring.web.HelloControllerTest       : No active profile set, falling back to default profiles: default
2020-12-26 21:42:10.124  INFO 32177 --- [    Test worker] o.s.s.concurrent.ThreadPoolTaskExecutor  : Initializing ExecutorService 'applicationTaskExecutor'
2020-12-26 21:42:10.144  INFO 32177 --- [    Test worker] o.s.b.a.w.s.WelcomePageHandlerMapping    : Adding welcome page template: index
2020-12-26 21:42:10.326  INFO 32177 --- [    Test worker] o.s.s.web.DefaultSecurityFilterChain     : Will secure any request with [org.springframework.security.web.context.request.async.WebAsyncManagerIntegrationFilter@7f16bff7, org.springframework.security.web.context.SecurityContextPersistenceFilter@2f8a25a6, org.springframework.security.web.header.HeaderWriterFilter@315fd958, org.springframework.security.web.csrf.CsrfFilter@5c966b8e, org.springframework.security.web.authentication.logout.LogoutFilter@16a26042, org.springframework.security.oauth2.client.web.OAuth2AuthorizationRequestRedirectFilter@4900cf10, org.springframework.security.oauth2.client.web.OAuth2AuthorizationRequestRedirectFilter@62b4129d, org.springframework.security.oauth2.client.web.OAuth2LoginAuthenticationFilter@211f1c35, org.springframework.security.web.authentication.ui.DefaultLoginPageGeneratingFilter@28f28513, org.springframework.security.web.authentication.ui.DefaultLogoutPageGeneratingFilter@957c97b, org.springframework.security.web.savedrequest.RequestCacheAwareFilter@2922f99c, org.springframework.security.web.servletapi.SecurityContextHolderAwareRequestFilter@66f860f9, org.springframework.security.web.authentication.AnonymousAuthenticationFilter@1c62a828, org.springframework.security.oauth2.client.web.OAuth2AuthorizationCodeGrantFilter@3de508b9, org.springframework.security.web.session.SessionManagementFilter@5e7a1ee6, org.springframework.security.web.access.ExceptionTranslationFilter@1e9307ac, org.springframework.security.web.access.intercept.FilterSecurityInterceptor@2d97a20]
2020-12-26 21:42:10.363  INFO 32177 --- [    Test worker] o.s.b.t.m.w.SpringBootMockServletContext : Initializing Spring TestDispatcherServlet ''
2020-12-26 21:42:10.363  INFO 32177 --- [    Test worker] o.s.t.web.servlet.TestDispatcherServlet  : Initializing Servlet ''
2020-12-26 21:42:10.363  INFO 32177 --- [    Test worker] o.s.t.web.servlet.TestDispatcherServlet  : Completed initialization in 0 ms
2020-12-26 21:42:10.371  INFO 32177 --- [    Test worker] c.m.spring.web.HelloControllerTest       : Started HelloControllerTest in 0.483 seconds (JVM running for 8.311)
]]></system-out>
  <system-err><![CDATA[]]></system-err>
</testsuite>
